#
# There is insufficient memory for the Java Runtime Environment to continue.
# Native memory allocation (mmap) failed to map 199229440 bytes for G1 virtual space
# Possible reasons:
#   The system is out of physical RAM or swap space
#   The process is running with CompressedOops enabled, and the Java Heap may be blocking the growth of the native heap
# Possible solutions:
#   Reduce memory load on the system
#   Increase physical memory or swap space
#   Check if swap backing store is full
#   Decrease Java heap size (-Xmx/-Xms)
#   Decrease number of Java threads
#   Decrease Java thread stack sizes (-Xss)
#   Set larger code cache with -XX:ReservedCodeCacheSize=
#   JVM is running with Zero Based Compressed Oops mode in which the Java heap is
#     placed in the first 32GB address space. The Java Heap base address is the
#     maximum limit for the native heap growth. Please use -XX:HeapBaseMinAddress
#     to set the Java Heap base and to place the Java Heap above 32GB virtual address.
# This output file may be truncated or incomplete.
#
#  Out of Memory Error (os_windows.cpp:3532), pid=19104, tid=26192
#
# JRE version:  (17.0.2+8) (build )
# Java VM: Java HotSpot(TM) 64-Bit Server VM (17.0.2+8-LTS-86, mixed mode, sharing, tiered, compressed oops, compressed class ptrs, g1 gc, windows-amd64)
# No core dump will be written. Minidumps are not enabled by default on client versions of Windows
#

---------------  S U M M A R Y ------------

Command Line: -Dfile.encoding=Cp1252 -XX:+ShowCodeDetailsInExceptionMessages tech.monicarose.SimplePeriodTracker.Main -v

Host: 11th Gen Intel(R) Core(TM) i5-1135G7 @ 2.40GHz, 8 cores, 11G,  Windows 11 , 64 bit Build 22000 (10.0.22000.708)
Time: Thu Aug  4 19:28:11 2022 Central Daylight Time elapsed time: 0.015798 seconds (0d 0h 0m 0s)

---------------  T H R E A D  ---------------

Current thread (0x0000019efcc4ef60):  JavaThread "Unknown thread" [_thread_in_vm, id=26192, stack(0x0000002294e00000,0x0000002294f00000)]

Stack: [0x0000002294e00000,0x0000002294f00000]
Native frames: (J=compiled Java code, j=interpreted, Vv=VM code, C=native code)
V  [jvm.dll+0x670baa]
V  [jvm.dll+0x7cfcb4]
V  [jvm.dll+0x7d145e]
V  [jvm.dll+0x7d1ac3]
V  [jvm.dll+0x242bc5]
V  [jvm.dll+0x66dac9]
V  [jvm.dll+0x662412]
V  [jvm.dll+0x300c0b]
V  [jvm.dll+0x3081a6]
V  [jvm.dll+0x357d0e]
V  [jvm.dll+0x357f3f]
V  [jvm.dll+0x2d7ec8]
V  [jvm.dll+0x2d8e34]
V  [jvm.dll+0x7a18c1]
V  [jvm.dll+0x365a91]
V  [jvm.dll+0x780d2c]
V  [jvm.dll+0x3e845f]
V  [jvm.dll+0x3e9f01]
C  [jli.dll+0x527b]
C  [ucrtbase.dll+0x26c0c]
C  [KERNEL32.DLL+0x154e0]
C  [ntdll.dll+0x485b]


---------------  P R O C E S S  ---------------

Threads class SMR info:
_java_thread_list=0x00007ff8085a9858, length=0, elements={
}

Java Threads: ( => current thread )

Other Threads:
  0x0000019efcc91310 GCTaskThread "GC Thread#0" [stack: 0x0000002294f00000,0x0000002295000000] [id=24188]
  0x0000019efccbc770 ConcurrentGCThread "G1 Main Marker" [stack: 0x0000002295000000,0x0000002295100000] [id=25928]
  0x0000019efccbd180 ConcurrentGCThread "G1 Conc#0" [stack: 0x0000002295100000,0x0000002295200000] [id=31836]

[error occurred during error reporting (printing all threads), id 0xc0000005, EXCEPTION_ACCESS_VIOLATION (0xc0000005) at pc=0x00007ff807df88a7]

VM state: not at safepoint (not fully initialized)

VM Mutex/Monitor currently owned by a thread:  ([mutex/lock_event])
[0x0000019efcc4a7f0] Heap_lock - owner thread: 0x0000019efcc4ef60

Heap address: 0x0000000743600000, size: 3018 MB, Compressed Oops mode: Zero based, Oop shift amount: 3

CDS archive(s) mapped at: [0x0000000000000000-0x0000000000000000-0x0000000000000000), size 0, SharedBaseAddress: 0x0000000800000000, ArchiveRelocationMode: 0.
Narrow klass base: 0x0000000000000000, Narrow klass shift: 0, Narrow klass range: 0x0

GC Precious Log:
<Empty>

Heap:
 garbage-first heap   total 0K, used 0K [0x0000000743600000, 0x0000000800000000)
  region size 2048K, 0 young (0K), 0 survivors (0K)

[error occurred during error reporting (printing heap information), id 0xc0000005, EXCEPTION_ACCESS_VIOLATION (0xc0000005) at pc=0x00007ff8081d9f19]

GC Heap History (0 events):
No events

Deoptimization events (0 events):
No events

Classes unloaded (0 events):
No events

Classes redefined (0 events):
No events

Internal exceptions (0 events):
No events

VM Operations (0 events):
No events

Events (1 events):
Event: 0.011 Loaded shared library C:\Program Files\Java\jdk-17.0.2\bin\java.dll


Dynamic libraries:
0x00007ff6eca20000 - 0x00007ff6eca30000 	C:\Program Files\Java\jdk-17.0.2\bin\javaw.exe
0x00007ff86ec60000 - 0x00007ff86ee69000 	C:\WINDOWS\SYSTEM32\ntdll.dll
0x00007ff86d0c0000 - 0x00007ff86d17d000 	C:\WINDOWS\System32\KERNEL32.DLL
0x00007ff86c260000 - 0x00007ff86c5d9000 	C:\WINDOWS\System32\KERNELBASE.dll
0x00007ff86c880000 - 0x00007ff86c991000 	C:\WINDOWS\System32\ucrtbase.dll
0x00007ff85de20000 - 0x00007ff85de38000 	C:\Program Files\Java\jdk-17.0.2\bin\jli.dll
0x00007ff85a020000 - 0x00007ff85a03a000 	C:\Program Files\Java\jdk-17.0.2\bin\VCRUNTIME140.dll
0x00007ff86ccd0000 - 0x00007ff86cd7e000 	C:\WINDOWS\System32\ADVAPI32.dll
0x00007ff86db90000 - 0x00007ff86dc33000 	C:\WINDOWS\System32\msvcrt.dll
0x00007ff86d020000 - 0x00007ff86d0be000 	C:\WINDOWS\System32\sechost.dll
0x00007ff86d600000 - 0x00007ff86d720000 	C:\WINDOWS\System32\RPCRT4.dll
0x00007ff86dcd0000 - 0x00007ff86de7c000 	C:\WINDOWS\System32\USER32.dll
0x00007ff847c70000 - 0x00007ff847f15000 	C:\WINDOWS\WinSxS\amd64_microsoft.windows.common-controls_6595b64144ccf1df_6.0.22000.120_none_9d947278b86cc467\COMCTL32.dll
0x00007ff86cac0000 - 0x00007ff86cae6000 	C:\WINDOWS\System32\win32u.dll
0x00007ff86d4a0000 - 0x00007ff86d4c9000 	C:\WINDOWS\System32\GDI32.dll
0x00007ff86c140000 - 0x00007ff86c252000 	C:\WINDOWS\System32\gdi32full.dll
0x00007ff86c9a0000 - 0x00007ff86ca3d000 	C:\WINDOWS\System32\msvcp_win.dll
0x00007ff8655d0000 - 0x00007ff8655da000 	C:\WINDOWS\SYSTEM32\VERSION.dll
0x00007ff86df00000 - 0x00007ff86df31000 	C:\WINDOWS\System32\IMM32.DLL
0x00007ff865360000 - 0x00007ff86536c000 	C:\Program Files\Java\jdk-17.0.2\bin\vcruntime140_1.dll
0x00007ff82f0c0000 - 0x00007ff82f14d000 	C:\Program Files\Java\jdk-17.0.2\bin\msvcp140.dll
0x00007ff807b10000 - 0x00007ff8086d1000 	C:\Program Files\Java\jdk-17.0.2\bin\server\jvm.dll
0x00007ff86cd80000 - 0x00007ff86cd88000 	C:\WINDOWS\System32\PSAPI.DLL
0x00007ff846b30000 - 0x00007ff846b39000 	C:\WINDOWS\SYSTEM32\WSOCK32.dll
0x00007ff869d20000 - 0x00007ff869d53000 	C:\WINDOWS\SYSTEM32\WINMM.dll
0x00007ff86cec0000 - 0x00007ff86cf2f000 	C:\WINDOWS\System32\WS2_32.dll
0x00007ff86b200000 - 0x00007ff86b218000 	C:\WINDOWS\SYSTEM32\kernel.appcore.dll
0x00007ff8631c0000 - 0x00007ff8631ca000 	C:\Program Files\Java\jdk-17.0.2\bin\jimage.dll
0x00007ff869ac0000 - 0x00007ff869ce1000 	C:\WINDOWS\SYSTEM32\DBGHELP.DLL
0x00007ff869a80000 - 0x00007ff869ab1000 	C:\WINDOWS\SYSTEM32\dbgcore.DLL
0x00007ff86ca40000 - 0x00007ff86cabf000 	C:\WINDOWS\System32\bcryptPrimitives.dll
0x00007ff84b7d0000 - 0x00007ff84b7f5000 	C:\Program Files\Java\jdk-17.0.2\bin\java.dll

dbghelp: loaded successfully - version: 4.0.5 - missing functions: none
symbol engine: initialized successfully - sym options: 0x614 - pdb path: .;C:\Program Files\Java\jdk-17.0.2\bin;C:\WINDOWS\SYSTEM32;C:\WINDOWS\WinSxS\amd64_microsoft.windows.common-controls_6595b64144ccf1df_6.0.22000.120_none_9d947278b86cc467;C:\Program Files\Java\jdk-17.0.2\bin\server

VM Arguments:
jvm_args: -Dfile.encoding=Cp1252 -XX:+ShowCodeDetailsInExceptionMessages 
java_command: tech.monicarose.SimplePeriodTracker.Main -v
java_class_path (initial): C:\Users\Monica\Projects\personal\foss-period-tracker\source\Java\foss-period-tracker\bin
Launcher Type: SUN_STANDARD

[Global flags]
     intx CICompilerCount                          = 4                                         {product} {ergonomic}
     uint ConcGCThreads                            = 2                                         {product} {ergonomic}
     uint G1ConcRefinementThreads                  = 8                                         {product} {ergonomic}
   size_t G1HeapRegionSize                         = 2097152                                   {product} {ergonomic}
    uintx GCDrainStackTargetSize                   = 64                                        {product} {ergonomic}
   size_t InitialHeapSize                          = 199229440                                 {product} {ergonomic}
   size_t MarkStackSize                            = 4194304                                   {product} {ergonomic}
   size_t MaxHeapSize                              = 3164602368                                {product} {ergonomic}
   size_t MinHeapDeltaBytes                        = 2097152                                   {product} {ergonomic}
   size_t MinHeapSize                              = 8388608                                   {product} {ergonomic}
    uintx NonNMethodCodeHeapSize                   = 5839372                                {pd product} {ergonomic}
    uintx NonProfiledCodeHeapSize                  = 122909434                              {pd product} {ergonomic}
    uintx ProfiledCodeHeapSize                     = 122909434                              {pd product} {ergonomic}
    uintx ReservedCodeCacheSize                    = 251658240                              {pd product} {ergonomic}
     bool SegmentedCodeCache                       = true                                      {product} {ergonomic}
     bool ShowCodeDetailsInExceptionMessages       = true                                   {manageable} {command line}
   size_t SoftMaxHeapSize                          = 3164602368                             {manageable} {ergonomic}
     bool UseCompressedClassPointers               = true                           {product lp64_product} {ergonomic}
     bool UseCompressedOops                        = true                           {product lp64_product} {ergonomic}
     bool UseG1GC                                  = true                                      {product} {ergonomic}
     bool UseLargePagesIndividualAllocation        = false                                  {pd product} {ergonomic}

Logging:
Log output configuration:
 #0: stdout all=warning uptime,level,tags
 #1: stderr all=off uptime,level,tags

Environment Variables:
JAVA_HOME=C:\Program Files\Java\jdk-17.0.2
PATH=C:\Program Files (x86)\VMware\VMware Workstation\bin\;C:\Program Files\Common Files\Oracle\Java\javapath;C:\Program Files (x86)\Common Files\Oracle\Java\javapath;C:\Windows\system32;C:\Windows;C:\Windows\System32\Wbem;C:\Windows\System32\WindowsPowerShell\v1.0\;C:\Windows\System32\OpenSSH\;C:\Program Files\PuTTY\;C:\Program Files (x86)\Windows Kits\10\Windows Performance Toolkit\;C:\Program Files\dotnet\;C:\MinGW\bin;C:\bin;C:\ProgramData\chocolatey;C:\Program Files\GTK3-Runtime Win64\bin;C:\Program Files\Git\cmd;C:\ProgramData\chocolatey\bin;C:\Program Files\nodejs\;C:\Users\Monica\AppData\Local\Programs\Python\Python310\Scripts\;C:\Users\Monica\AppData\Local\Programs\Python\Python310\;C:\Users\Monica\AppData\Local\Microsoft\WindowsApps;C:\Program Files (x86)\Nmap;C:\Users\Monica\AppData\Local\atom\bin;C:\Users\Monica\AppData\Roaming\npm;C:\Users\Monica\AppData\Local\Programs\Microsoft VS Code\bin;C:\adb;C:\WINDOWS\system32;C:\WINDOWS;C:\WINDOWS\System32\Wbem;C:\WINDOWS\System32\WindowsPowerShell\v1.0\;C:\WINDOWS\System32\OpenSSH\;C:\Program Files\Java\jdk-17.0.2\bin;C:\Users\Monica\AppData\Local\Programs\Python\Python310\Scripts\;C:\Users\Monica\AppData\Local\Programs\Python\Python310\;C:\Users\Monica\AppData\Local\Microsoft\WindowsApps;C:\Program Files (x86)\Nmap;C:\Users\Monica\AppData\Local\atom\bin;C:\Users\Monica\AppData\Roaming\npm;C:\Users\Monica\AppData\Local\Microsoft\WindowsApps;C:\Users\Monica\AppData\Local\Programs\Microsoft VS Code\bin
USERNAME=Monica
OS=Windows_NT
PROCESSOR_IDENTIFIER=Intel64 Family 6 Model 140 Stepping 1, GenuineIntel



---------------  S Y S T E M  ---------------

OS:
 Windows 11 , 64 bit Build 22000 (10.0.22000.708)
OS uptime: 5 days 2:03 hours
Hyper-V role detected

CPU: total 8 (initial active 8) (4 cores per cpu, 2 threads per core) family 6 model 140 stepping 1 microcode 0x86, cx8, cmov, fxsr, ht, mmx, 3dnowpref, sse, sse2, sse3, ssse3, sse4.1, sse4.2, popcnt, lzcnt, tsc, tscinvbit, avx, avx2, aes, erms, clmul, bmi1, bmi2, adx, avx512f, avx512dq, avx512cd, avx512bw, avx512vl, sha, fma, vzeroupper, avx512_vpopcntdq, avx512_vpclmulqdq, avx512_vaes, avx512_vnni, clflush, clflushopt, clwb, avx512_vbmi2, avx512_vbmi, hv

Memory: 4k page, system-wide physical 12071M (2539M free)
TotalPageFile size 16167M (AvailPageFile size 109M)
current process WorkingSet (physical memory assigned to process): 11M, peak: 11M
current process commit charge ("private bytes"): 60M, peak: 250M

vm_info: Java HotSpot(TM) 64-Bit Server VM (17.0.2+8-LTS-86) for windows-amd64 JRE (17.0.2+8-LTS-86), built on Dec  7 2021 21:51:03 by "mach5one" with MS VC++ 16.8 / 16.9 (VS2019)

END.
